  stdafx.cpp
  SimpleCam.cpp
c:\program files\opencv\build\include\opencv2\flann\logger.h(66): warning C4996: 'fopen': This function or variable may be unsafe. Consider using fopen_s instead. To disable deprecation, use _CRT_SECURE_NO_WARNINGS. See online help for details.
  c:\program files (x86)\windows kits\10\include\10.0.16299.0\ucrt\stdio.h(207): note: see declaration of 'fopen'
c:\users\alaric\documents\github\dna-analyzer\src\camtest\header1.h(62): warning C4101: 'value': unreferenced local variable
c:\users\alaric\documents\github\dna-analyzer\src\camtest\header1.h(64): warning C4101: 'valueH': unreferenced local variable
c:\users\alaric\documents\github\dna-analyzer\src\camtest\header1.h(63): warning C4101: 'valueV': unreferenced local variable
SimpleCam.obj : error LNK2019: unresolved external symbol cvCreateImage referenced in function "int __cdecl cam(void)" (?cam@@YAHXZ)
SimpleCam.obj : error LNK2019: unresolved external symbol cvGetSize referenced in function "int __cdecl cam(void)" (?cam@@YAHXZ)
SimpleCam.obj : error LNK2019: unresolved external symbol "void __cdecl cv::fastFree(void *)" (?fastFree@cv@@YAXPEAX@Z) referenced in function "public: __cdecl cv::Mat::~Mat(void)" (??1Mat@cv@@QEAA@XZ)
SimpleCam.obj : error LNK2019: unresolved external symbol "public: __cdecl cv::_InputArray::_InputArray(class cv::Mat const &)" (??0_InputArray@cv@@QEAA@AEBVMat@1@@Z) referenced in function main
SimpleCam.obj : error LNK2019: unresolved external symbol "public: __cdecl cv::_OutputArray::_OutputArray(class cv::Mat &)" (??0_OutputArray@cv@@QEAA@AEAVMat@1@@Z) referenced in function main
SimpleCam.obj : error LNK2019: unresolved external symbol "class cv::_OutputArray const & __cdecl cv::noArray(void)" (?noArray@cv@@YAAEBV_OutputArray@1@XZ) referenced in function main
SimpleCam.obj : error LNK2019: unresolved external symbol "public: __cdecl cv::Mat::Mat(class cv::Mat const &,class cv::Range const &,class cv::Range const &)" (??0Mat@cv@@QEAA@AEBV01@AEBVRange@1@1@Z) referenced in function "public: class cv::Mat __cdecl cv::Mat::col(int)const " (?col@Mat@cv@@QEBA?AV12@H@Z)
SimpleCam.obj : error LNK2019: unresolved external symbol "public: void __cdecl cv::Mat::deallocate(void)" (?deallocate@Mat@cv@@QEAAXXZ) referenced in function "public: void __cdecl cv::Mat::release(void)" (?release@Mat@cv@@QEAAXXZ)
SimpleCam.obj : error LNK2019: unresolved external symbol "public: void __cdecl cv::Mat::copySize(class cv::Mat const &)" (?copySize@Mat@cv@@QEAAXAEBV12@@Z) referenced in function "public: class cv::Mat & __cdecl cv::Mat::operator=(class cv::Mat const &)" (??4Mat@cv@@QEAAAEAV01@AEBV01@@Z)
SimpleCam.obj : error LNK2019: unresolved external symbol "class cv::Scalar_<double> __cdecl cv::mean(class cv::_InputArray const &,class cv::_InputArray const &)" (?mean@cv@@YA?AV?$Scalar_@N@1@AEBV_InputArray@1@0@Z) referenced in function main
SimpleCam.obj : error LNK2019: unresolved external symbol cvNamedWindow referenced in function "int __cdecl cam(void)" (?cam@@YAHXZ)
SimpleCam.obj : error LNK2019: unresolved external symbol cvShowImage referenced in function "int __cdecl cam(void)" (?cam@@YAHXZ)
SimpleCam.obj : error LNK2019: unresolved external symbol cvDestroyWindow referenced in function "int __cdecl cam(void)" (?cam@@YAHXZ)
SimpleCam.obj : error LNK2019: unresolved external symbol cvCreateTrackbar referenced in function "int __cdecl cam(void)" (?cam@@YAHXZ)
SimpleCam.obj : error LNK2019: unresolved external symbol cvSetMouseCallback referenced in function "int __cdecl cam(void)" (?cam@@YAHXZ)
SimpleCam.obj : error LNK2019: unresolved external symbol cvWaitKey referenced in function "int __cdecl cam(void)" (?cam@@YAHXZ)
SimpleCam.obj : error LNK2019: unresolved external symbol cvCreateCameraCapture referenced in function "int __cdecl cam(void)" (?cam@@YAHXZ)
SimpleCam.obj : error LNK2019: unresolved external symbol cvQueryFrame referenced in function "int __cdecl cam(void)" (?cam@@YAHXZ)
SimpleCam.obj : error LNK2019: unresolved external symbol cvReleaseCapture referenced in function "int __cdecl cam(void)" (?cam@@YAHXZ)
SimpleCam.obj : error LNK2019: unresolved external symbol "void __cdecl cv::namedWindow(class std::basic_string<char,struct std::char_traits<char>,class std::allocator<char> > const &,int)" (?namedWindow@cv@@YAXAEBV?$basic_string@DU?$char_traits@D@std@@V?$allocator@D@2@@std@@H@Z) referenced in function main
SimpleCam.obj : error LNK2019: unresolved external symbol "int __cdecl cv::waitKey(int)" (?waitKey@cv@@YAHH@Z) referenced in function main
SimpleCam.obj : error LNK2019: unresolved external symbol "void __cdecl cv::imshow(class std::basic_string<char,struct std::char_traits<char>,class std::allocator<char> > const &,class cv::_InputArray const &)" (?imshow@cv@@YAXAEBV?$basic_string@DU?$char_traits@D@std@@V?$allocator@D@2@@std@@AEBV_InputArray@1@@Z) referenced in function main
SimpleCam.obj : error LNK2019: unresolved external symbol "class cv::Mat __cdecl cv::imread(class std::basic_string<char,struct std::char_traits<char>,class std::allocator<char> > const &,int)" (?imread@cv@@YA?AVMat@1@AEBV?$basic_string@DU?$char_traits@D@std@@V?$allocator@D@2@@std@@H@Z) referenced in function main
SimpleCam.obj : error LNK2019: unresolved external symbol "public: __cdecl cv::VideoCapture::VideoCapture(int)" (??0VideoCapture@cv@@QEAA@H@Z) referenced in function main
SimpleCam.obj : error LNK2019: unresolved external symbol "public: virtual __cdecl cv::VideoCapture::~VideoCapture(void)" (??1VideoCapture@cv@@UEAA@XZ) referenced in function main
SimpleCam.obj : error LNK2019: unresolved external symbol "public: virtual bool __cdecl cv::VideoCapture::isOpened(void)const " (?isOpened@VideoCapture@cv@@UEBA_NXZ) referenced in function main
SimpleCam.obj : error LNK2019: unresolved external symbol cvCvtColor referenced in function "int __cdecl cam(void)" (?cam@@YAHXZ)
SimpleCam.obj : error LNK2019: unresolved external symbol "void __cdecl cv::cvtColor(class cv::_InputArray const &,class cv::_OutputArray const &,int,int)" (?cvtColor@cv@@YAXAEBV_InputArray@1@AEBV_OutputArray@1@HH@Z) referenced in function main
C:\Users\Alaric\Documents\GitHub\DNA-Analyzer\src\x64\Debug\CamTest.exe : fatal error LNK1120: 28 unresolved externals
